:compileJava UP-TO-DATE
:processResources NO-SOURCE
:classes UP-TO-DATE
:compileTestJava UP-TO-DATE
:processTestResources NO-SOURCE
:testClasses UP-TO-DATE
:test

com.sap.codeinsights.DocumentationProcessorTest > testFileWithNoComments FAILED
    java.lang.AssertionError at DocumentationProcessorTest.java:33

com.sap.codeinsights.DocumentationProcessorTest > testFileWithComments FAILED
    java.lang.AssertionError at DocumentationProcessorTest.java:51
:test FAILED
3 actionable tasks: 1 executed, 2 up-to-date
